<?xml version="1.0" encoding="UTF-8"?>
<!-- Generated by org.testng.reporters.JUnitReportReporter -->
<testsuite hostname="DESKTOP-PILLCO5" failures="0" tests="1" name="tests.PlaceOrderTest" time="20.685" errors="0" timestamp="2023-07-05T02:23:03 EET" skipped="0">
  <testcase classname="tests.PlaceOrderTest" name="userPlaceOrderSuccessfully" time="20.685"/>
  <system-out/>
</testsuite> <!-- tests.PlaceOrderTest -->
