<?xml version="1.0" encoding="UTF-8"?>
<!-- Generated by org.testng.reporters.JUnitReportReporter -->
<testsuite hostname="DESKTOP-PILLCO5" failures="0" tests="1" name="tests.AddToCartTest" time="11.632" errors="0" timestamp="2023-07-05T00:21:19 EET" skipped="0">
  <testcase classname="tests.AddToCartTest" name="userAddToCartsuccessfully" time="11.632"/>
  <system-out/>
</testsuite> <!-- tests.AddToCartTest -->
