<?xml version="1.0" encoding="UTF-8"?>
<!-- Generated by org.testng.reporters.JUnitReportReporter -->
<testsuite hostname="DESKTOP-PILLCO5" failures="0" tests="1" name="tests.UserRegisterationTest" time="5.526" errors="0" timestamp="2023-07-04T22:49:02 EET" skipped="0">
  <testcase classname="tests.UserRegisterationTest" name="userSignUpsuccessfully" time="5.526"/>
  <system-out/>
</testsuite> <!-- tests.UserRegisterationTest -->
