<?xml version="1.0" encoding="UTF-8"?>
<!-- Generated by org.testng.reporters.JUnitReportReporter -->
<testsuite hostname="DESKTOP-PILLCO5" failures="0" tests="1" name="tests.DeleteFromCartTest" time="16.985" errors="0" timestamp="2023-07-05T01:11:19 EET" skipped="0">
  <testcase classname="tests.DeleteFromCartTest" name="userDeleteFromCartsuccessfully" time="16.985"/>
  <system-out/>
</testsuite> <!-- tests.DeleteFromCartTest -->
