<?xml version="1.0" encoding="UTF-8"?>
<!-- Generated by org.testng.reporters.JUnitReportReporter -->
<testsuite hostname="DESKTOP-PILLCO5" failures="0" tests="1" name="tests.CheckCategoryListTest" time="8.104" errors="0" timestamp="2023-07-05T02:59:40 EET" skipped="0">
  <testcase classname="tests.CheckCategoryListTest" name="checkItemsOfEachCategory" time="8.104"/>
  <system-out/>
</testsuite> <!-- tests.CheckCategoryListTest -->
