<?xml version="1.0" encoding="UTF-8"?>
<!-- Generated by org.testng.reporters.JUnitReportReporter -->
<testsuite hostname="DESKTOP-PILLCO5" failures="0" tests="1" name="tests.UserLogInTest" time="5.788" errors="0" timestamp="2023-07-05T00:17:55 EET" skipped="0">
  <testcase classname="tests.UserLogInTest" name="userSignUpsuccessfully" time="5.788"/>
  <system-out/>
</testsuite> <!-- tests.UserLogInTest -->
